<!DOCTYPE html PUBLIC "-//W3C//DTD XHTML 1.1//EN" "http://www.w3.org/TR/xhtml11/DTD/xhtml11.dtd">
<html xmlns="http://www.w3.org/1999/xhtml"><head><title>TestNG Report</title><style type="text/css">table {margin-bottom:10px;border-collapse:collapse;empty-cells:show}th,td {border:1px solid #009;padding:.25em .5em}th {vertical-align:bottom}td {vertical-align:top}table a {font-weight:bold}.stripe td {background-color: #E6EBF9}.num {text-align:right}.passedodd td {background-color: #3F3}.passedeven td {background-color: #0A0}.skippedodd td {background-color: #DDD}.skippedeven td {background-color: #CCC}.failedodd td,.attn {background-color: #F33}.failedeven td,.stripe .attn {background-color: #D00}.stacktrace {white-space:pre;font-family:monospace}.totop {font-size:85%;text-align:center;border-bottom:2px solid #000}</style></head><body><table><tr><th>Test</th><th># Passed</th><th># Skipped</th><th># Failed</th><th>Time (ms)</th><th>Included Groups</th><th>Excluded Groups</th></tr><tr><th colspan="7">Suite</th></tr><tr><td><a href="#t0">Test</a></td><td class="num">6</td><td class="num attn">1</td><td class="num attn">4</td><td class="num">5,392</td><td></td><td></td></tr></table><table><thead><tr><th>Class</th><th>Method</th><th>Start</th><th>Time (ms)</th></tr></thead><tbody><tr><th colspan="4">Suite</th></tr></tbody><tbody id="t0"><tr><th colspan="4">Test &#8212; failed</th></tr><tr class="failedeven"><td rowspan="4">com.qa.NoCommerce.Tests.verifyNoCommerceLoginTest</td><td><a href="#m0">verifyComputersTabOnPage</a></td><td rowspan="1">1589033687257</td><td rowspan="1">1</td></tr><tr class="failedeven"><td><a href="#m1">verifyDownloadsTabOnPage</a></td><td rowspan="1">1589033687255</td><td rowspan="1">1</td></tr><tr class="failedeven"><td><a href="#m2">verifyElectronicTabOnPage</a></td><td rowspan="1">1589033687259</td><td rowspan="1">1</td></tr><tr class="failedeven"><td><a href="#m3">verifyLogOutOnPage</a></td><td rowspan="1">1589033687252</td><td rowspan="1">2</td></tr><tr><th colspan="4">Test &#8212; skipped</th></tr><tr class="skippedeven"><td rowspan="1">com.qa.NoCommerce.Tests.verifyNoCommerceLoginTest</td><td><a href="#m4">verifyGiftOnPage</a></td><td rowspan="1">1589033687261</td><td rowspan="1">2</td></tr><tr><th colspan="4">Test &#8212; passed</th></tr><tr class="passedeven"><td rowspan="6">com.qa.NoCommerce.Tests.verifyNoCommerceLoginTest</td><td><a href="#m5">verifyContactListOnPage</a></td><td rowspan="1">1589033687241</td><td rowspan="1">3</td></tr><tr class="passedeven"><td><a href="#m6">verifyForgetPasswordOnPage</a></td><td rowspan="1">1589033687245</td><td rowspan="1">1</td></tr><tr class="passedeven"><td><a href="#m7">verifyLOGOOnHomePage</a></td><td rowspan="1">1589033681889</td><td rowspan="1">84</td></tr><tr class="passedeven"><td><a href="#m8">verifyLoginHomePage</a></td><td rowspan="1">1589033681974</td><td rowspan="1">5263</td></tr><tr class="passedeven"><td><a href="#m9">verifyRegisterationOnHomePage</a></td><td rowspan="1">1589033687239</td><td rowspan="1">2</td></tr><tr class="passedeven"><td><a href="#m10">verifyRememberPasswordOnPage</a></td><td rowspan="1">1589033687248</td><td rowspan="1">3</td></tr></tbody></table><h2>Test</h2><h3 id="m0">com.qa.NoCommerce.Tests.verifyNoCommerceLoginTest#verifyComputersTabOnPage</h3><table class="result"><tr><th>Exception</th></tr><tr><td><div class="stacktrace">java.lang.AssertionError: expected [true] but found [false]
	at com.qa.NoCommerce.Tests.verifyNoCommerceLoginTest.verifyComputersTabOnPage(verifyNoCommerceLoginTest.java:108)
... Removed 29 stack frames</div></td></tr></table><p class="totop"><a href="#summary">back to summary</a></p><h3 id="m1">com.qa.NoCommerce.Tests.verifyNoCommerceLoginTest#verifyDownloadsTabOnPage</h3><table class="result"><tr><th>Exception</th></tr><tr><td><div class="stacktrace">java.lang.AssertionError: expected [true] but found [false]
	at com.qa.NoCommerce.Tests.verifyNoCommerceLoginTest.verifyDownloadsTabOnPage(verifyNoCommerceLoginTest.java:96)
... Removed 29 stack frames</div></td></tr></table><p class="totop"><a href="#summary">back to summary</a></p><h3 id="m2">com.qa.NoCommerce.Tests.verifyNoCommerceLoginTest#verifyElectronicTabOnPage</h3><table class="result"><tr><th>Exception</th></tr><tr><td><div class="stacktrace">java.lang.AssertionError: expected [true] but found [false]
	at com.qa.NoCommerce.Tests.verifyNoCommerceLoginTest.verifyElectronicTabOnPage(verifyNoCommerceLoginTest.java:121)
... Removed 29 stack frames</div></td></tr></table><p class="totop"><a href="#summary">back to summary</a></p><h3 id="m3">com.qa.NoCommerce.Tests.verifyNoCommerceLoginTest#verifyLogOutOnPage</h3><table class="result"><tr><th>Exception</th></tr><tr><td><div class="stacktrace">java.lang.AssertionError: expected [true] but found [false]
	at com.qa.NoCommerce.Tests.verifyNoCommerceLoginTest.verifyLogOutOnPage(verifyNoCommerceLoginTest.java:85)
... Removed 29 stack frames</div></td></tr></table><p class="totop"><a href="#summary">back to summary</a></p><h3 id="m4">com.qa.NoCommerce.Tests.verifyNoCommerceLoginTest#verifyGiftOnPage</h3><table class="result"><tr><th>Exception</th></tr><tr><td><div class="stacktrace">org.testng.SkipException: Skipping this one test. Hence not testing
	at com.qa.NoCommerce.Tests.verifyNoCommerceLoginTest.verifyGiftOnPage(verifyNoCommerceLoginTest.java:131)
... Removed 24 stack frames</div></td></tr></table><p class="totop"><a href="#summary">back to summary</a></p><h3 id="m5">com.qa.NoCommerce.Tests.verifyNoCommerceLoginTest#verifyContactListOnPage</h3><table class="result"></table><p class="totop"><a href="#summary">back to summary</a></p><h3 id="m6">com.qa.NoCommerce.Tests.verifyNoCommerceLoginTest#verifyForgetPasswordOnPage</h3><table class="result"></table><p class="totop"><a href="#summary">back to summary</a></p><h3 id="m7">com.qa.NoCommerce.Tests.verifyNoCommerceLoginTest#verifyLOGOOnHomePage</h3><table class="result"></table><p class="totop"><a href="#summary">back to summary</a></p><h3 id="m8">com.qa.NoCommerce.Tests.verifyNoCommerceLoginTest#verifyLoginHomePage</h3><table class="result"></table><p class="totop"><a href="#summary">back to summary</a></p><h3 id="m9">com.qa.NoCommerce.Tests.verifyNoCommerceLoginTest#verifyRegisterationOnHomePage</h3><table class="result"></table><p class="totop"><a href="#summary">back to summary</a></p><h3 id="m10">com.qa.NoCommerce.Tests.verifyNoCommerceLoginTest#verifyRememberPasswordOnPage</h3><table class="result"></table><p class="totop"><a href="#summary">back to summary</a></p></body></html>