<?xml version="1.0" encoding="UTF-8"?>
<!-- Generated by org.testng.reporters.JUnitXMLReporter -->
<testsuite hostname="DESKTOP-MFEMF1B" name="Test" tests="11" failures="4" timestamp="9 May 2020 14:14:47 GMT" time="5.392" errors="0">
  <testcase name="verifyLOGOOnHomePage" time="0.084" classname="com.qa.NoCommerce.Tests.verifyNoCommerceLoginTest"/>
  <testcase name="verifyLoginHomePage" time="5.263" classname="com.qa.NoCommerce.Tests.verifyNoCommerceLoginTest"/>
  <testcase name="verifyRegisterationOnHomePage" time="0.002" classname="com.qa.NoCommerce.Tests.verifyNoCommerceLoginTest"/>
  <testcase name="verifyContactListOnPage" time="0.003" classname="com.qa.NoCommerce.Tests.verifyNoCommerceLoginTest"/>
  <testcase name="verifyForgetPasswordOnPage" time="0.001" classname="com.qa.NoCommerce.Tests.verifyNoCommerceLoginTest"/>
  <testcase name="verifyRememberPasswordOnPage" time="0.003" classname="com.qa.NoCommerce.Tests.verifyNoCommerceLoginTest"/>
  <testcase name="verifyLogOutOnPage" time="0.002" classname="com.qa.NoCommerce.Tests.verifyNoCommerceLoginTest">
    <failure type="java.lang.AssertionError" message="expected [true] but found [false]">
      <![CDATA[java.lang.AssertionError: expected [true] but found [false]
	at com.qa.NoCommerce.Tests.verifyNoCommerceLoginTest.verifyLogOutOnPage(verifyNoCommerceLoginTest.java:85)
... Removed 29 stack frames]]>
    </failure>
  </testcase> <!-- verifyLogOutOnPage -->
  <testcase name="verifyDownloadsTabOnPage" time="0.001" classname="com.qa.NoCommerce.Tests.verifyNoCommerceLoginTest">
    <failure type="java.lang.AssertionError" message="expected [true] but found [false]">
      <![CDATA[java.lang.AssertionError: expected [true] but found [false]
	at com.qa.NoCommerce.Tests.verifyNoCommerceLoginTest.verifyDownloadsTabOnPage(verifyNoCommerceLoginTest.java:96)
... Removed 29 stack frames]]>
    </failure>
  </testcase> <!-- verifyDownloadsTabOnPage -->
  <testcase name="verifyComputersTabOnPage" time="0.001" classname="com.qa.NoCommerce.Tests.verifyNoCommerceLoginTest">
    <failure type="java.lang.AssertionError" message="expected [true] but found [false]">
      <![CDATA[java.lang.AssertionError: expected [true] but found [false]
	at com.qa.NoCommerce.Tests.verifyNoCommerceLoginTest.verifyComputersTabOnPage(verifyNoCommerceLoginTest.java:108)
... Removed 29 stack frames]]>
    </failure>
  </testcase> <!-- verifyComputersTabOnPage -->
  <testcase name="verifyElectronicTabOnPage" time="0.001" classname="com.qa.NoCommerce.Tests.verifyNoCommerceLoginTest">
    <failure type="java.lang.AssertionError" message="expected [true] but found [false]">
      <![CDATA[java.lang.AssertionError: expected [true] but found [false]
	at com.qa.NoCommerce.Tests.verifyNoCommerceLoginTest.verifyElectronicTabOnPage(verifyNoCommerceLoginTest.java:121)
... Removed 29 stack frames]]>
    </failure>
  </testcase> <!-- verifyElectronicTabOnPage -->
  <testcase name="verifyGiftOnPage" time="0.002" classname="com.qa.NoCommerce.Tests.verifyNoCommerceLoginTest">
    <skipped/>
  </testcase> <!-- verifyGiftOnPage -->
</testsuite> <!-- Test -->
